<?xml version="1.0" encoding="UTF-8"?>
<!-- Generated by org.testng.reporters.JUnitXMLReporter -->
<testsuite hostname="Yogesh-PC" name="TestforParallel" tests="4" failures="1" timestamp="25 May 2019 03:48:12 GMT" time="20.133" errors="0">
  <testcase name="myTest1" time="10.016" classname="TestNGB9.ParallelClassB"/>
  <testcase name="myTest1" time="10.03" classname="TestNGB9.ParallelClassA">
    <failure type="java.lang.AssertionError">
      <![CDATA[java.lang.AssertionError: 
	at TestNGB9.ParallelClassA.myTest1(ParallelClassA.java:14)
	at java.util.concurrent.ThreadPoolExecutor.runWorker(Unknown Source)
	at java.util.concurrent.ThreadPoolExecutor$Worker.run(Unknown Source)
	at java.lang.Thread.run(Unknown Source)
... Removed 13 stack frames]]>
    </failure>
  </testcase> <!-- myTest1 -->
  <testcase name="myTest2" time="10.005" classname="TestNGB9.ParallelClassB"/>
  <testcase name="myTest2" time="10.004" classname="TestNGB9.ParallelClassA"/>
</testsuite> <!-- TestforParallel -->
