<?xml version="1.0" encoding="UTF-8"?>
<testng-results skipped="0" failed="0" total="1" passed="1">
  <reporter-output>
    <line>
      <![CDATA[Start browser]]>
    </line>
    <line>
      <![CDATA[Close browser]]>
    </line>
  </reporter-output>
  <suite name="Default suite" duration-ms="26401" started-at="2019-12-03T10:51:34Z" finished-at="2019-12-03T10:52:01Z">
    <groups>
    </groups>
    <test name="Default test" duration-ms="26401" started-at="2019-12-03T10:51:34Z" finished-at="2019-12-03T10:52:01Z">
      <class name="baseClass.Login">
        <test-method status="PASS" signature="setupapplication()[pri:0, instance:baseClass.Login@6ea6d14e]" name="setupapplication" is-config="true" duration-ms="16103" started-at="2019-12-03T16:21:34Z" finished-at="2019-12-03T16:21:50Z">
          <reporter-output>
            <line>
              <![CDATA[Start browser]]>
            </line>
          </reporter-output>
        </test-method> <!-- setupapplication -->
        <test-method status="PASS" signature="logintoapplication()[pri:0, instance:baseClass.Login@6ea6d14e]" name="logintoapplication" duration-ms="8751" started-at="2019-12-03T16:21:50Z" finished-at="2019-12-03T16:21:59Z">
          <reporter-output>
          </reporter-output>
        </test-method> <!-- logintoapplication -->
        <test-method status="PASS" signature="closeapplication()[pri:0, instance:baseClass.Login@6ea6d14e]" name="closeapplication" is-config="true" duration-ms="1526" started-at="2019-12-03T16:21:59Z" finished-at="2019-12-03T16:22:01Z">
          <reporter-output>
            <line>
              <![CDATA[Close browser]]>
            </line>
          </reporter-output>
        </test-method> <!-- closeapplication -->
      </class> <!-- baseClass.Login -->
    </test> <!-- Default test -->
  </suite> <!-- Default suite -->
</testng-results>
