<?xml version="1.0" encoding="UTF-8"?>
<!-- Generated by org.testng.reporters.JUnitXMLReporter -->
<testsuite hostname="Yogesh-PC" name="Regression 1" tests="5" failures="0" timestamp="25 May 2019 03:49:52 GMT" time="20.064" errors="0">
  <testcase name="myTest3" time="10.014" classname="TestNGB9.ParallelMethod"/>
  <testcase name="myTest2" time="10.014" classname="TestNGB9.ParallelMethod"/>
  <testcase name="myTest1" time="10.039" classname="TestNGB9.ParallelMethod"/>
  <testcase name="myTest4" time="10.003" classname="TestNGB9.ParallelMethod"/>
  <testcase name="myTest5" time="10.002" classname="TestNGB9.ParallelMethod"/>
</testsuite> <!-- Regression 1 -->
